<?xml version="1.0" encoding="UTF-8"?>
<testsuite xmlns:xsi="http://www.w3.org/2001/XMLSchema-instance" xsi:noNamespaceSchemaLocation="https://maven.apache.org/surefire/maven-surefire-plugin/xsd/surefire-test-report-3.0.xsd" version="3.0" name="com.module.controllers.RegistrationControllerTest" time="0.111" tests="5" errors="0" skipped="0" failures="0">
  <properties>
[...]
</properties>
  <testcase name="testCreateUserUserExists" classname="com.module.controllers.RegistrationControllerTest" time="0.097"/>
  <testcase name="testCreateDriverDriverAlreadyRegistered" classname="com.module.controllers.RegistrationControllerTest" time="0.001"/>
  <testcase name="testCreateDriverUserNotFound" classname="com.module.controllers.RegistrationControllerTest" time="0"/>
  <testcase name="testCreateUser" classname="com.module.controllers.RegistrationControllerTest" time="0"/>
  <testcase name="testCreateDriver" classname="com.module.controllers.RegistrationControllerTest" time="0.002"/>
</testsuite>